# JRE version: OpenJDK Runtime Environment Temurin-11.0.12+7 (11.0.12+7) (build 11.0.12+7)
# Java VM: OpenJDK 64-Bit Server VM Temurin-11.0.12+7 (11.0.12+7, mixed mode, tiered, compressed oops, g1 gc, windows-amd64)
Heap:
 garbage-first heap   total 157696K, used 60736K [0x0000000081200000, 0x0000000100000000)
  region size 1024K, 47 young (48128K), 7 survivors (7168K)
 Metaspace       used 58095K, capacity 59646K, committed 59984K, reserved 1101824K
  class space    used 7412K, capacity 8014K, committed 8112K, reserved 1048576K
GC Heap History (14 events):
Event: 2.047 GC heap before
{Heap before GC invocations=0 (full 0):
 garbage-first heap   total 131072K, used 24576K [0x0000000081200000, 0x0000000100000000)
  region size 1024K, 24 young (24576K), 0 survivors (0K)
 Metaspace       used 10574K, capacity 10923K, committed 11264K, reserved 1058816K
  class space    used 1057K, capacity 1173K, committed 1280K, reserved 1048576K
}
Event: 2.053 GC heap after
{Heap after GC invocations=1 (full 0):
 garbage-first heap   total 131072K, used 6402K [0x0000000081200000, 0x0000000100000000)
  region size 1024K, 3 young (3072K), 3 survivors (3072K)
 Metaspace       used 10574K, capacity 10923K, committed 11264K, reserved 1058816K
  class space    used 1057K, capacity 1173K, committed 1280K, reserved 1048576K
}
Event: 3.432 GC heap before
{Heap before GC invocations=1 (full 0):
 garbage-first heap   total 131072K, used 64770K [0x0000000081200000, 0x0000000100000000)
  region size 1024K, 61 young (62464K), 3 survivors (3072K)
 Metaspace       used 20474K, capacity 21239K, committed 21296K, reserved 1069056K
  class space    used 2288K, capacity 2574K, committed 2608K, reserved 1048576K
}
Event: 3.443 GC heap after
{Heap after GC invocations=2 (full 0):
 garbage-first heap   total 131072K, used 9435K [0x0000000081200000, 0x0000000100000000)
  region size 1024K, 6 young (6144K), 6 survivors (6144K)
 Metaspace       used 20474K, capacity 21239K, committed 21296K, reserved 1069056K
  class space    used 2288K, capacity 2574K, committed 2608K, reserved 1048576K
}
Event: 3.969 GC heap before
{Heap before GC invocations=3 (full 0):
 garbage-first heap   total 131072K, used 67803K [0x0000000081200000, 0x0000000100000000)
  region size 1024K, 64 young (65536K), 6 survivors (6144K)
 Metaspace       used 25846K, capacity 26660K, committed 26800K, reserved 1073152K
  class space    used 3096K, capacity 3413K, committed 3504K, reserved 1048576K
}
Event: 3.981 GC heap after
{Heap after GC invocations=4 (full 0):
 garbage-first heap   total 131072K, used 10851K [0x0000000081200000, 0x0000000100000000)
  region size 1024K, 5 young (5120K), 5 survivors (5120K)
 Metaspace       used 25846K, capacity 26660K, committed 26800K, reserved 1073152K
  class space    used 3096K, capacity 3413K, committed 3504K, reserved 1048576K
}
Event: 5.098 GC heap before
{Heap before GC invocations=4 (full 0):
 garbage-first heap   total 131072K, used 77411K [0x0000000081200000, 0x0000000100000000)
  region size 1024K, 71 young (72704K), 5 survivors (5120K)
 Metaspace       used 30334K, capacity 31347K, committed 31536K, reserved 1077248K
  class space    used 3665K, capacity 4052K, committed 4144K, reserved 1048576K
}
Event: 5.114 GC heap after
{Heap after GC invocations=5 (full 0):
 garbage-first heap   total 131072K, used 12601K [0x0000000081200000, 0x0000000100000000)
  region size 1024K, 7 young (7168K), 7 survivors (7168K)
 Metaspace       used 30334K, capacity 31347K, committed 31536K, reserved 1077248K
  class space    used 3665K, capacity 4052K, committed 4144K, reserved 1048576K
}
Event: 5.931 GC heap before
{Heap before GC invocations=5 (full 0):
 garbage-first heap   total 131072K, used 50489K [0x0000000081200000, 0x0000000100000000)
  region size 1024K, 45 young (46080K), 7 survivors (7168K)
 Metaspace       used 34648K, capacity 35791K, committed 35920K, reserved 1081344K
  class space    used 4282K, capacity 4740K, committed 4784K, reserved 1048576K
}
Event: 5.949 GC heap after
{Heap after GC invocations=6 (full 0):
 garbage-first heap   total 131072K, used 14539K [0x0000000081200000, 0x0000000100000000)
  region size 1024K, 6 young (6144K), 6 survivors (6144K)
 Metaspace       used 34648K, capacity 35791K, committed 35920K, reserved 1081344K
  class space    used 4282K, capacity 4740K, committed 4784K, reserved 1048576K
}
Event: 7.462 GC heap before
{Heap before GC invocations=7 (full 0):
 garbage-first heap   total 131072K, used 85195K [0x0000000081200000, 0x0000000100000000)
  region size 1024K, 76 young (77824K), 6 survivors (6144K)
 Metaspace       used 46772K, capacity 48106K, committed 48464K, reserved 1091584K
  class space    used 5923K, capacity 6437K, committed 6576K, reserved 1048576K
}
Event: 7.478 GC heap after
{Heap after GC invocations=8 (full 0):
 garbage-first heap   total 131072K, used 17811K [0x0000000081200000, 0x0000000100000000)
  region size 1024K, 9 young (9216K), 9 survivors (9216K)
 Metaspace       used 46772K, capacity 48106K, committed 48464K, reserved 1091584K
  class space    used 5923K, capacity 6437K, committed 6576K, reserved 1048576K
}
Event: 8.857 GC heap before
{Heap before GC invocations=8 (full 0):
 garbage-first heap   total 131072K, used 85395K [0x0000000081200000, 0x0000000100000000)
  region size 1024K, 76 young (77824K), 9 survivors (9216K)
 Metaspace       used 54412K, capacity 55743K, committed 55888K, reserved 1097728K
  class space    used 6960K, capacity 7504K, committed 7600K, reserved 1048576K
}
Event: 8.876 GC heap after
{Heap after GC invocations=9 (full 0):
 garbage-first heap   total 157696K, used 20800K [0x0000000081200000, 0x0000000100000000)
  region size 1024K, 7 young (7168K), 7 survivors (7168K)
 Metaspace       used 54412K, capacity 55743K, committed 55888K, reserved 1097728K
  class space    used 6960K, capacity 7504K, committed 7600K, reserved 1048576K
}

