# JRE version: OpenJDK Runtime Environment Temurin-11.0.12+7 (11.0.12+7) (build 11.0.12+7)
# Java VM: OpenJDK 64-Bit Server VM Temurin-11.0.12+7 (11.0.12+7, mixed mode, tiered, compressed oops, g1 gc, windows-amd64)
Heap:
 garbage-first heap   total 157696K, used 37427K [0x0000000081200000, 0x0000000100000000)
  region size 1024K, 29 young (29696K), 9 survivors (9216K)
 Metaspace       used 48760K, capacity 50095K, committed 50384K, reserved 1093632K
  class space    used 6151K, capacity 6670K, committed 6704K, reserved 1048576K
GC Heap History (14 events):
Event: 1.013 GC heap before
{Heap before GC invocations=0 (full 0):
 garbage-first heap   total 131072K, used 24576K [0x0000000081200000, 0x0000000100000000)
  region size 1024K, 24 young (24576K), 0 survivors (0K)
 Metaspace       used 10662K, capacity 10971K, committed 11264K, reserved 1058816K
  class space    used 1068K, capacity 1189K, committed 1280K, reserved 1048576K
}
Event: 1.018 GC heap after
{Heap after GC invocations=1 (full 0):
 garbage-first heap   total 131072K, used 6358K [0x0000000081200000, 0x0000000100000000)
  region size 1024K, 3 young (3072K), 3 survivors (3072K)
 Metaspace       used 10662K, capacity 10971K, committed 11264K, reserved 1058816K
  class space    used 1068K, capacity 1189K, committed 1280K, reserved 1048576K
}
Event: 2.326 GC heap before
{Heap before GC invocations=1 (full 0):
 garbage-first heap   total 131072K, used 64726K [0x0000000081200000, 0x0000000100000000)
  region size 1024K, 61 young (62464K), 3 survivors (3072K)
 Metaspace       used 20504K, capacity 21240K, committed 21296K, reserved 1069056K
  class space    used 2286K, capacity 2573K, committed 2608K, reserved 1048576K
}
Event: 2.338 GC heap after
{Heap after GC invocations=2 (full 0):
 garbage-first heap   total 131072K, used 9420K [0x0000000081200000, 0x0000000100000000)
  region size 1024K, 6 young (6144K), 6 survivors (6144K)
 Metaspace       used 20504K, capacity 21240K, committed 21296K, reserved 1069056K
  class space    used 2286K, capacity 2573K, committed 2608K, reserved 1048576K
}
Event: 2.614 GC heap before
{Heap before GC invocations=3 (full 0):
 garbage-first heap   total 131072K, used 31948K [0x0000000081200000, 0x0000000100000000)
  region size 1024K, 28 young (28672K), 6 survivors (6144K)
 Metaspace       used 23545K, capacity 24378K, committed 24624K, reserved 1071104K
  class space    used 2720K, capacity 3038K, committed 3120K, reserved 1048576K
}
Event: 2.625 GC heap after
{Heap after GC invocations=4 (full 0):
 garbage-first heap   total 131072K, used 9837K [0x0000000081200000, 0x0000000100000000)
  region size 1024K, 1 young (1024K), 1 survivors (1024K)
 Metaspace       used 23545K, capacity 24378K, committed 24624K, reserved 1071104K
  class space    used 2720K, capacity 3038K, committed 3120K, reserved 1048576K
}
Event: 2.866 GC heap before
{Heap before GC invocations=4 (full 0):
 garbage-first heap   total 131072K, used 65133K [0x0000000081200000, 0x0000000100000000)
  region size 1024K, 56 young (57344K), 1 survivors (1024K)
 Metaspace       used 25863K, capacity 26727K, committed 27056K, reserved 1073152K
  class space    used 3097K, capacity 3413K, committed 3504K, reserved 1048576K
}
Event: 2.871 GC heap after
{Heap after GC invocations=5 (full 0):
 garbage-first heap   total 131072K, used 10787K [0x0000000081200000, 0x0000000100000000)
  region size 1024K, 2 young (2048K), 2 survivors (2048K)
 Metaspace       used 25863K, capacity 26727K, committed 27056K, reserved 1073152K
  class space    used 3097K, capacity 3413K, committed 3504K, reserved 1048576K
}
Event: 4.212 GC heap before
{Heap before GC invocations=5 (full 0):
 garbage-first heap   total 131072K, used 71203K [0x0000000081200000, 0x0000000100000000)
  region size 1024K, 62 young (63488K), 2 survivors (2048K)
 Metaspace       used 31167K, capacity 32333K, committed 32432K, reserved 1077248K
  class space    used 3778K, capacity 4230K, committed 4272K, reserved 1048576K
}
Event: 4.223 GC heap after
{Heap after GC invocations=6 (full 0):
 garbage-first heap   total 131072K, used 13271K [0x0000000081200000, 0x0000000100000000)
  region size 1024K, 5 young (5120K), 5 survivors (5120K)
 Metaspace       used 31167K, capacity 32333K, committed 32432K, reserved 1077248K
  class space    used 3778K, capacity 4230K, committed 4272K, reserved 1048576K
}
Event: 4.815 GC heap before
{Heap before GC invocations=6 (full 0):
 garbage-first heap   total 131072K, used 37847K [0x0000000081200000, 0x0000000100000000)
  region size 1024K, 30 young (30720K), 5 survivors (5120K)
 Metaspace       used 34651K, capacity 35791K, committed 35920K, reserved 1081344K
  class space    used 4283K, capacity 4740K, committed 4784K, reserved 1048576K
}
Event: 4.828 GC heap after
{Heap after GC invocations=7 (full 0):
 garbage-first heap   total 157696K, used 14207K [0x0000000081200000, 0x0000000100000000)
  region size 1024K, 6 young (6144K), 6 survivors (6144K)
 Metaspace       used 34651K, capacity 35791K, committed 35920K, reserved 1081344K
  class space    used 4283K, capacity 4740K, committed 4784K, reserved 1048576K
}
Event: 6.419 GC heap before
{Heap before GC invocations=8 (full 0):
 garbage-first heap   total 157696K, used 88959K [0x0000000081200000, 0x0000000100000000)
  region size 1024K, 80 young (81920K), 6 survivors (6144K)
 Metaspace       used 46944K, capacity 48183K, committed 48464K, reserved 1091584K
  class space    used 5947K, capacity 6440K, committed 6576K, reserved 1048576K
}
Event: 6.437 GC heap after
{Heap after GC invocations=9 (full 0):
 garbage-first heap   total 157696K, used 17971K [0x0000000081200000, 0x0000000100000000)
  region size 1024K, 9 young (9216K), 9 survivors (9216K)
 Metaspace       used 46944K, capacity 48183K, committed 48464K, reserved 1091584K
  class space    used 5947K, capacity 6440K, committed 6576K, reserved 1048576K
}

