# JRE version: OpenJDK Runtime Environment Temurin-11.0.12+7 (11.0.12+7) (build 11.0.12+7)
# Java VM: OpenJDK 64-Bit Server VM Temurin-11.0.12+7 (11.0.12+7, mixed mode, tiered, compressed oops, g1 gc, windows-amd64)
Heap:
 garbage-first heap   total 157696K, used 70656K [0x0000000081200000, 0x0000000100000000)
  region size 1024K, 61 young (62464K), 9 survivors (9216K)
 Metaspace       used 53550K, capacity 54856K, committed 55120K, reserved 1101824K
  class space    used 6923K, capacity 7443K, committed 7548K, reserved 1048576K
GC Heap History (14 events):
Event: 1.077 GC heap before
{Heap before GC invocations=0 (full 0):
 garbage-first heap   total 131072K, used 24576K [0x0000000081200000, 0x0000000100000000)
  region size 1024K, 24 young (24576K), 0 survivors (0K)
 Metaspace       used 11537K, capacity 11930K, committed 12160K, reserved 1060864K
  class space    used 1183K, capacity 1347K, committed 1408K, reserved 1048576K
}
Event: 1.086 GC heap after
{Heap after GC invocations=1 (full 0):
 garbage-first heap   total 131072K, used 6790K [0x0000000081200000, 0x0000000100000000)
  region size 1024K, 3 young (3072K), 3 survivors (3072K)
 Metaspace       used 11537K, capacity 11930K, committed 12160K, reserved 1060864K
  class space    used 1183K, capacity 1347K, committed 1408K, reserved 1048576K
}
Event: 2.435 GC heap before
{Heap before GC invocations=1 (full 0):
 garbage-first heap   total 131072K, used 55942K [0x0000000081200000, 0x0000000100000000)
  region size 1024K, 52 young (53248K), 3 survivors (3072K)
 Metaspace       used 20542K, capacity 21262K, committed 21296K, reserved 1069056K
  class space    used 2307K, capacity 2574K, committed 2608K, reserved 1048576K
}
Event: 2.449 GC heap after
{Heap after GC invocations=2 (full 0):
 garbage-first heap   total 131072K, used 9547K [0x0000000081200000, 0x0000000100000000)
  region size 1024K, 6 young (6144K), 6 survivors (6144K)
 Metaspace       used 20542K, capacity 21262K, committed 21296K, reserved 1069056K
  class space    used 2307K, capacity 2574K, committed 2608K, reserved 1048576K
}
Event: 2.717 GC heap before
{Heap before GC invocations=3 (full 0):
 garbage-first heap   total 131072K, used 27979K [0x0000000081200000, 0x0000000100000000)
  region size 1024K, 24 young (24576K), 6 survivors (6144K)
 Metaspace       used 23311K, capacity 24079K, committed 24316K, reserved 1071104K
  class space    used 2707K, capacity 2999K, committed 3068K, reserved 1048576K
}
Event: 2.725 GC heap after
{Heap after GC invocations=4 (full 0):
 garbage-first heap   total 131072K, used 9905K [0x0000000081200000, 0x0000000100000000)
  region size 1024K, 1 young (1024K), 1 survivors (1024K)
 Metaspace       used 23311K, capacity 24079K, committed 24316K, reserved 1071104K
  class space    used 2707K, capacity 2999K, committed 3068K, reserved 1048576K
}
Event: 2.927 GC heap before
{Heap before GC invocations=4 (full 0):
 garbage-first heap   total 131072K, used 65201K [0x0000000081200000, 0x0000000100000000)
  region size 1024K, 56 young (57344K), 1 survivors (1024K)
 Metaspace       used 25875K, capacity 26716K, committed 26876K, reserved 1073152K
  class space    used 3119K, capacity 3447K, committed 3580K, reserved 1048576K
}
Event: 2.930 GC heap after
{Heap after GC invocations=5 (full 0):
 garbage-first heap   total 131072K, used 10853K [0x0000000081200000, 0x0000000100000000)
  region size 1024K, 2 young (2048K), 2 survivors (2048K)
 Metaspace       used 25875K, capacity 26716K, committed 26876K, reserved 1073152K
  class space    used 3119K, capacity 3447K, committed 3580K, reserved 1048576K
}
Event: 4.155 GC heap before
{Heap before GC invocations=5 (full 0):
 garbage-first heap   total 131072K, used 72293K [0x0000000081200000, 0x0000000100000000)
  region size 1024K, 63 young (64512K), 2 survivors (2048K)
 Metaspace       used 31391K, capacity 32528K, committed 32764K, reserved 1077248K
  class space    used 3849K, capacity 4313K, committed 4348K, reserved 1048576K
}
Event: 4.165 GC heap after
{Heap after GC invocations=6 (full 0):
 garbage-first heap   total 131072K, used 13689K [0x0000000081200000, 0x0000000100000000)
  region size 1024K, 5 young (5120K), 5 survivors (5120K)
 Metaspace       used 31391K, capacity 32528K, committed 32764K, reserved 1077248K
  class space    used 3849K, capacity 4313K, committed 4348K, reserved 1048576K
}
Event: 4.676 GC heap before
{Heap before GC invocations=6 (full 0):
 garbage-first heap   total 131072K, used 31097K [0x0000000081200000, 0x0000000100000000)
  region size 1024K, 23 young (23552K), 5 survivors (5120K)
 Metaspace       used 34855K, capacity 35950K, committed 36048K, reserved 1081344K
  class space    used 4365K, capacity 4814K, committed 4860K, reserved 1048576K
}
Event: 4.688 GC heap after
{Heap after GC invocations=7 (full 0):
 garbage-first heap   total 157696K, used 14589K [0x0000000081200000, 0x0000000100000000)
  region size 1024K, 6 young (6144K), 6 survivors (6144K)
 Metaspace       used 34855K, capacity 35950K, committed 36048K, reserved 1081344K
  class space    used 4365K, capacity 4814K, committed 4860K, reserved 1048576K
}
Event: 6.055 GC heap before
{Heap before GC invocations=8 (full 0):
 garbage-first heap   total 157696K, used 85245K [0x0000000081200000, 0x0000000100000000)
  region size 1024K, 76 young (77824K), 6 survivors (6144K)
 Metaspace       used 46620K, capacity 47880K, committed 48080K, reserved 1091584K
  class space    used 5972K, capacity 6508K, committed 6652K, reserved 1048576K
}
Event: 6.068 GC heap after
{Heap after GC invocations=9 (full 0):
 garbage-first heap   total 157696K, used 18432K [0x0000000081200000, 0x0000000100000000)
  region size 1024K, 9 young (9216K), 9 survivors (9216K)
 Metaspace       used 46620K, capacity 47880K, committed 48080K, reserved 1091584K
  class space    used 5972K, capacity 6508K, committed 6652K, reserved 1048576K
}

