# JRE version: OpenJDK Runtime Environment Temurin-11.0.12+7 (11.0.12+7) (build 11.0.12+7)
# Java VM: OpenJDK 64-Bit Server VM Temurin-11.0.12+7 (11.0.12+7, mixed mode, tiered, compressed oops, g1 gc, windows-amd64)
Heap:
 garbage-first heap   total 131072K, used 25842K [0x0000000081200000, 0x0000000100000000)
  region size 1024K, 18 young (18432K), 2 survivors (2048K)
 Metaspace       used 27117K, capacity 27965K, committed 28284K, reserved 1073152K
  class space    used 3275K, capacity 3588K, committed 3708K, reserved 1048576K
GC Heap History (8 events):
Event: 1.098 GC heap before
{Heap before GC invocations=0 (full 0):
 garbage-first heap   total 131072K, used 24576K [0x0000000081200000, 0x0000000100000000)
  region size 1024K, 24 young (24576K), 0 survivors (0K)
 Metaspace       used 11541K, capacity 11927K, committed 12160K, reserved 1060864K
  class space    used 1180K, capacity 1346K, committed 1408K, reserved 1048576K
}
Event: 1.107 GC heap after
{Heap after GC invocations=1 (full 0):
 garbage-first heap   total 131072K, used 6950K [0x0000000081200000, 0x0000000100000000)
  region size 1024K, 3 young (3072K), 3 survivors (3072K)
 Metaspace       used 11541K, capacity 11927K, committed 12160K, reserved 1060864K
  class space    used 1180K, capacity 1346K, committed 1408K, reserved 1048576K
}
Event: 2.363 GC heap before
{Heap before GC invocations=1 (full 0):
 garbage-first heap   total 131072K, used 55078K [0x0000000081200000, 0x0000000100000000)
  region size 1024K, 51 young (52224K), 3 survivors (3072K)
 Metaspace       used 20525K, capacity 21205K, committed 21296K, reserved 1069056K
  class space    used 2309K, capacity 2575K, committed 2608K, reserved 1048576K
}
Event: 2.375 GC heap after
{Heap after GC invocations=2 (full 0):
 garbage-first heap   total 131072K, used 9376K [0x0000000081200000, 0x0000000100000000)
  region size 1024K, 6 young (6144K), 6 survivors (6144K)
 Metaspace       used 20525K, capacity 21205K, committed 21296K, reserved 1069056K
  class space    used 2309K, capacity 2575K, committed 2608K, reserved 1048576K
}
Event: 2.628 GC heap before
{Heap before GC invocations=3 (full 0):
 garbage-first heap   total 131072K, used 28832K [0x0000000081200000, 0x0000000100000000)
  region size 1024K, 25 young (25600K), 6 survivors (6144K)
 Metaspace       used 23459K, capacity 24255K, committed 24316K, reserved 1071104K
  class space    used 2730K, capacity 3034K, committed 3068K, reserved 1048576K
}
Event: 2.638 GC heap after
{Heap after GC invocations=4 (full 0):
 garbage-first heap   total 131072K, used 10534K [0x0000000081200000, 0x0000000100000000)
  region size 1024K, 1 young (1024K), 1 survivors (1024K)
 Metaspace       used 23459K, capacity 24255K, committed 24316K, reserved 1071104K
  class space    used 2730K, capacity 3034K, committed 3068K, reserved 1048576K
}
Event: 2.887 GC heap before
{Heap before GC invocations=4 (full 0):
 garbage-first heap   total 131072K, used 67878K [0x0000000081200000, 0x0000000100000000)
  region size 1024K, 58 young (59392K), 1 survivors (1024K)
 Metaspace       used 25935K, capacity 26722K, committed 26876K, reserved 1073152K
  class space    used 3132K, capacity 3448K, committed 3580K, reserved 1048576K
}
Event: 2.891 GC heap after
{Heap after GC invocations=5 (full 0):
 garbage-first heap   total 131072K, used 11506K [0x0000000081200000, 0x0000000100000000)
  region size 1024K, 2 young (2048K), 2 survivors (2048K)
 Metaspace       used 25935K, capacity 26722K, committed 26876K, reserved 1073152K
  class space    used 3132K, capacity 3448K, committed 3580K, reserved 1048576K
}

