# JRE version: Java(TM) SE Runtime Environment 18.9 (11.0.12+8) (build 11.0.12+8-LTS-237)
# Java VM: Java HotSpot(TM) 64-Bit Server VM 18.9 (11.0.12+8-LTS-237, mixed mode, tiered, compressed oops, g1 gc, windows-amd64)
Heap:
 garbage-first heap   total 537600K, used 102800K [0x0000000081200000, 0x0000000100000000)
  region size 1024K, 13 young (13312K), 13 survivors (13312K)
 Metaspace       used 73753K, capacity 75641K, committed 75856K, reserved 1114112K
  class space    used 10073K, capacity 10818K, committed 10912K, reserved 1048576K
GC Heap History (10 events):
Event: 5.395 GC heap after
{Heap after GC invocations=18 (full 0):
 garbage-first heap   total 281600K, used 77157K [0x0000000081200000, 0x0000000100000000)
  region size 1024K, 15 young (15360K), 15 survivors (15360K)
 Metaspace       used 39939K, capacity 41376K, committed 41424K, reserved 1085440K
  class space    used 5065K, capacity 5641K, committed 5664K, reserved 1048576K
}
Event: 5.593 GC heap before
{Heap before GC invocations=18 (full 0):
 garbage-first heap   total 281600K, used 226661K [0x0000000081200000, 0x0000000100000000)
  region size 1024K, 162 young (165888K), 15 survivors (15360K)
 Metaspace       used 39939K, capacity 41376K, committed 41424K, reserved 1085440K
  class space    used 5065K, capacity 5641K, committed 5664K, reserved 1048576K
}
Event: 5.606 GC heap after
{Heap after GC invocations=19 (full 0):
 garbage-first heap   total 346112K, used 81421K [0x0000000081200000, 0x0000000100000000)
  region size 1024K, 12 young (12288K), 12 survivors (12288K)
 Metaspace       used 39939K, capacity 41376K, committed 41424K, reserved 1085440K
  class space    used 5065K, capacity 5641K, committed 5664K, reserved 1048576K
}
Event: 5.858 GC heap before
{Heap before GC invocations=19 (full 0):
 garbage-first heap   total 346112K, used 268813K [0x0000000081200000, 0x0000000100000000)
  region size 1024K, 196 young (200704K), 12 survivors (12288K)
 Metaspace       used 39939K, capacity 41376K, committed 41424K, reserved 1085440K
  class space    used 5065K, capacity 5641K, committed 5664K, reserved 1048576K
}
Event: 5.869 GC heap after
{Heap after GC invocations=20 (full 0):
 garbage-first heap   total 346112K, used 89167K [0x0000000081200000, 0x0000000100000000)
  region size 1024K, 20 young (20480K), 20 survivors (20480K)
 Metaspace       used 39939K, capacity 41376K, committed 41424K, reserved 1085440K
  class space    used 5065K, capacity 5641K, committed 5664K, reserved 1048576K
}
Event: 6.442 GC heap before
{Heap before GC invocations=20 (full 0):
 garbage-first heap   total 346112K, used 275535K [0x0000000081200000, 0x0000000100000000)
  region size 1024K, 202 young (206848K), 20 survivors (20480K)
 Metaspace       used 43014K, capacity 44480K, committed 44624K, reserved 1087488K
  class space    used 5597K, capacity 6185K, committed 6304K, reserved 1048576K
}
Event: 6.463 GC heap after
{Heap after GC invocations=21 (full 0):
 garbage-first heap   total 346112K, used 94208K [0x0000000081200000, 0x0000000100000000)
  region size 1024K, 22 young (22528K), 22 survivors (22528K)
 Metaspace       used 43014K, capacity 44480K, committed 44624K, reserved 1087488K
  class space    used 5597K, capacity 6185K, committed 6304K, reserved 1048576K
}
Event: 8.260 GC heap before
{Heap before GC invocations=21 (full 0):
 garbage-first heap   total 346112K, used 234496K [0x0000000081200000, 0x0000000100000000)
  region size 1024K, 160 young (163840K), 22 survivors (22528K)
 Metaspace       used 58373K, capacity 59940K, committed 59984K, reserved 1101824K
  class space    used 7963K, capacity 8585K, committed 8608K, reserved 1048576K
}
Event: 8.287 GC heap after
{Heap after GC invocations=22 (full 0):
 garbage-first heap   total 346112K, used 101522K [0x0000000081200000, 0x0000000100000000)
  region size 1024K, 9 young (9216K), 9 survivors (9216K)
 Metaspace       used 58373K, capacity 59940K, committed 59984K, reserved 1101824K
  class space    used 7963K, capacity 8585K, committed 8608K, reserved 1048576K
}
Event: 10.779 GC heap before
{Heap before GC invocations=23 (full 0):
 garbage-first heap   total 346112K, used 267410K [0x0000000081200000, 0x0000000100000000)
  region size 1024K, 174 young (178176K), 9 survivors (9216K)
 Metaspace       used 73753K, capacity 75641K, committed 75856K, reserved 1114112K
  class space    used 10073K, capacity 10818K, committed 10912K, reserved 1048576K
}

