# JRE version: Java(TM) SE Runtime Environment 18.9 (11.0.12+8) (build 11.0.12+8-LTS-237)
# Java VM: Java HotSpot(TM) 64-Bit Server VM 18.9 (11.0.12+8-LTS-237, mixed mode, tiered, compressed oops, g1 gc, windows-amd64)
Heap:
 garbage-first heap   total 512000K, used 105085K [0x0000000081200000, 0x0000000100000000)
  region size 1024K, 8 young (8192K), 8 survivors (8192K)
 Metaspace       used 68884K, capacity 70602K, committed 70696K, reserved 1118208K
  class space    used 9453K, capacity 10139K, committed 10188K, reserved 1048576K
GC Heap History (10 events):
Event: 6.302 GC heap before
{Heap before GC invocations=20 (full 0):
 garbage-first heap   total 326656K, used 253446K [0x0000000081200000, 0x0000000100000000)
  region size 1024K, 182 young (186368K), 12 survivors (12288K)
 Metaspace       used 39980K, capacity 41410K, committed 41468K, reserved 1085440K
  class space    used 5074K, capacity 5673K, committed 5708K, reserved 1048576K
}
Event: 6.313 GC heap after
{Heap after GC invocations=21 (full 0):
 garbage-first heap   total 326656K, used 86518K [0x0000000081200000, 0x0000000100000000)
  region size 1024K, 18 young (18432K), 18 survivors (18432K)
 Metaspace       used 39980K, capacity 41410K, committed 41468K, reserved 1085440K
  class space    used 5074K, capacity 5673K, committed 5708K, reserved 1048576K
}
Event: 6.547 GC heap before
{Heap before GC invocations=21 (full 0):
 garbage-first heap   total 326656K, used 261622K [0x0000000081200000, 0x0000000100000000)
  region size 1024K, 190 young (194560K), 18 survivors (18432K)
 Metaspace       used 39980K, capacity 41410K, committed 41468K, reserved 1085440K
  class space    used 5074K, capacity 5673K, committed 5708K, reserved 1048576K
}
Event: 6.561 GC heap after
{Heap after GC invocations=22 (full 0):
 garbage-first heap   total 326656K, used 95748K [0x0000000081200000, 0x0000000100000000)
  region size 1024K, 21 young (21504K), 21 survivors (21504K)
 Metaspace       used 39980K, capacity 41410K, committed 41468K, reserved 1085440K
  class space    used 5074K, capacity 5673K, committed 5708K, reserved 1048576K
}
Event: 7.804 GC heap before
{Heap before GC invocations=22 (full 0):
 garbage-first heap   total 326656K, used 268804K [0x0000000081200000, 0x0000000100000000)
  region size 1024K, 190 young (194560K), 21 survivors (21504K)
 Metaspace       used 49832K, capacity 51339K, committed 51708K, reserved 1093632K
  class space    used 6748K, capacity 7382K, committed 7500K, reserved 1048576K
}
Event: 7.829 GC heap after
{Heap after GC invocations=23 (full 0):
 garbage-first heap   total 326656K, used 102400K [0x0000000081200000, 0x0000000100000000)
  region size 1024K, 23 young (23552K), 23 survivors (23552K)
 Metaspace       used 49832K, capacity 51339K, committed 51708K, reserved 1093632K
  class space    used 6748K, capacity 7382K, committed 7500K, reserved 1048576K
}
Event: 8.754 GC heap before
{Heap before GC invocations=23 (full 0):
 garbage-first heap   total 326656K, used 157696K [0x0000000081200000, 0x0000000100000000)
  region size 1024K, 78 young (79872K), 23 survivors (23552K)
 Metaspace       used 58689K, capacity 60326K, committed 60508K, reserved 1101824K
  class space    used 8019K, capacity 8626K, committed 8652K, reserved 1048576K
}
Event: 8.781 GC heap after
{Heap after GC invocations=24 (full 0):
 garbage-first heap   total 512000K, used 106574K [0x0000000081200000, 0x0000000100000000)
  region size 1024K, 6 young (6144K), 6 survivors (6144K)
 Metaspace       used 58689K, capacity 60326K, committed 60508K, reserved 1101824K
  class space    used 8019K, capacity 8626K, committed 8652K, reserved 1048576K
}
Event: 10.221 GC heap before
{Heap before GC invocations=25 (full 0):
 garbage-first heap   total 512000K, used 223310K [0x0000000081200000, 0x0000000100000000)
  region size 1024K, 124 young (126976K), 6 survivors (6144K)
 Metaspace       used 68884K, capacity 70602K, committed 70696K, reserved 1116160K
  class space    used 9453K, capacity 10139K, committed 10188K, reserved 1048576K
}
Event: 10.229 GC heap after
{Heap after GC invocations=26 (full 0):
 garbage-first heap   total 512000K, used 105085K [0x0000000081200000, 0x0000000100000000)
  region size 1024K, 8 young (8192K), 8 survivors (8192K)
 Metaspace       used 68884K, capacity 70602K, committed 70696K, reserved 1116160K
  class space    used 9453K, capacity 10139K, committed 10188K, reserved 1048576K
}

